<?xml version="1.0" encoding="UTF-8"?>
<!-- Generated by org.testng.reporters.JUnitReportReporter -->
<testsuite skipped="0" hostname="INWS0AdityaM-01" name="com.demo.testcases.LoginPageTest" tests="3" failures="0" timestamp="25 Oct 2021 05:35:29 GMT" time="45.983" errors="0">
  <testcase name="loginPageTitleTestBeforelogin" time="13.072" classname="com.demo.testcases.LoginPageTest"/>
  <testcase name="logintest" time="15.809" classname="com.demo.testcases.LoginPageTest"/>
  <testcase name="loginPageTitleTestAfterlogin" time="17.102" classname="com.demo.testcases.LoginPageTest"/>
</testsuite> <!-- com.demo.testcases.LoginPageTest -->
