<?xml version="1.0" encoding="UTF-8"?>
<!-- Generated by org.testng.reporters.JUnitReportReporter -->
<testsuite skipped="0" hostname="INWS0AdityaM-01" name="com.demo.testcases.HomePageTest" tests="1" failures="0" timestamp="25 Oct 2021 05:35:29 GMT" time="21.741" errors="0">
  <testcase name="verifyloginnameOfUserTest" time="21.741" classname="com.demo.testcases.HomePageTest"/>
</testsuite> <!-- com.demo.testcases.HomePageTest -->
